Determining if the Q_WS_WIN exist failed with the following output:
Change Dir: /home/anupama/RoboticsAssignment5/RoboticsAssignment5_Thu_H/build/CMakeFiles/CMakeTmp

Run Build Command:"/usr/bin/make" "cmTC_8d6ff/fast"
/usr/bin/make -f CMakeFiles/cmTC_8d6ff.dir/build.make CMakeFiles/cmTC_8d6ff.dir/build
make[1]: Entering directory '/home/anupama/RoboticsAssignment5/RoboticsAssignment5_Thu_H/build/CMakeFiles/CMakeTmp'
Building CXX object CMakeFiles/cmTC_8d6ff.dir/CheckSymbolExists.cxx.o
/usr/bin/c++   -I/usr/include/qt4   -o CMakeFiles/cmTC_8d6ff.dir/CheckSymbolExists.cxx.o -c /home/anupama/RoboticsAssignment5/RoboticsAssignment5_Thu_H/build/CMakeFiles/CMakeTmp/CheckSymbolExists.cxx
/home/anupama/RoboticsAssignment5/RoboticsAssignment5_Thu_H/build/CMakeFiles/CMakeTmp/CheckSymbolExists.cxx: In function ‘int main(int, char**)’:
/home/anupama/RoboticsAssignment5/RoboticsAssignment5_Thu_H/build/CMakeFiles/CMakeTmp/CheckSymbolExists.cxx:8:19: error: ‘Q_WS_WIN’ was not declared in this scope
   return ((int*)(&Q_WS_WIN))[argc];
                   ^~~~~~~~
/home/anupama/RoboticsAssignment5/RoboticsAssignment5_Thu_H/build/CMakeFiles/CMakeTmp/CheckSymbolExists.cxx:8:19: note: suggested alternative: ‘Q_WS_X11’
   return ((int*)(&Q_WS_WIN))[argc];
                   ^~~~~~~~
                   Q_WS_X11
CMakeFiles/cmTC_8d6ff.dir/build.make:65: recipe for target 'CMakeFiles/cmTC_8d6ff.dir/CheckSymbolExists.cxx.o' failed
make[1]: *** [CMakeFiles/cmTC_8d6ff.dir/CheckSymbolExists.cxx.o] Error 1
make[1]: Leaving directory '/home/anupama/RoboticsAssignment5/RoboticsAssignment5_Thu_H/build/CMakeFiles/CMakeTmp'
Makefile:126: recipe for target 'cmTC_8d6ff/fast' failed
make: *** [cmTC_8d6ff/fast] Error 2

File /home/anupama/RoboticsAssignment5/RoboticsAssignment5_Thu_H/build/CMakeFiles/CMakeTmp/CheckSymbolExists.cxx:
/* */
#include <QtCore/qglobal.h>

int main(int argc, char** argv)
{
  (void)argv;
#ifndef Q_WS_WIN
  return ((int*)(&Q_WS_WIN))[argc];
#else
  (void)argc;
  return 0;
#endif
}

Determining if the Q_WS_QWS exist failed with the following output:
Change Dir: /home/anupama/RoboticsAssignment5/RoboticsAssignment5_Thu_H/build/CMakeFiles/CMakeTmp

Run Build Command:"/usr/bin/make" "cmTC_1384c/fast"
/usr/bin/make -f CMakeFiles/cmTC_1384c.dir/build.make CMakeFiles/cmTC_1384c.dir/build
make[1]: Entering directory '/home/anupama/RoboticsAssignment5/RoboticsAssignment5_Thu_H/build/CMakeFiles/CMakeTmp'
Building CXX object CMakeFiles/cmTC_1384c.dir/CheckSymbolExists.cxx.o
/usr/bin/c++   -I/usr/include/qt4   -o CMakeFiles/cmTC_1384c.dir/CheckSymbolExists.cxx.o -c /home/anupama/RoboticsAssignment5/RoboticsAssignment5_Thu_H/build/CMakeFiles/CMakeTmp/CheckSymbolExists.cxx
/home/anupama/RoboticsAssignment5/RoboticsAssignment5_Thu_H/build/CMakeFiles/CMakeTmp/CheckSymbolExists.cxx: In function ‘int main(int, char**)’:
/home/anupama/RoboticsAssignment5/RoboticsAssignment5_Thu_H/build/CMakeFiles/CMakeTmp/CheckSymbolExists.cxx:8:19: error: ‘Q_WS_QWS’ was not declared in this scope
   return ((int*)(&Q_WS_QWS))[argc];
                   ^~~~~~~~
/home/anupama/RoboticsAssignment5/RoboticsAssignment5_Thu_H/build/CMakeFiles/CMakeTmp/CheckSymbolExists.cxx:8:19: note: suggested alternative: ‘Q_WS_X11’
   return ((int*)(&Q_WS_QWS))[argc];
                   ^~~~~~~~
                   Q_WS_X11
CMakeFiles/cmTC_1384c.dir/build.make:65: recipe for target 'CMakeFiles/cmTC_1384c.dir/CheckSymbolExists.cxx.o' failed
make[1]: *** [CMakeFiles/cmTC_1384c.dir/CheckSymbolExists.cxx.o] Error 1
make[1]: Leaving directory '/home/anupama/RoboticsAssignment5/RoboticsAssignment5_Thu_H/build/CMakeFiles/CMakeTmp'
Makefile:126: recipe for target 'cmTC_1384c/fast' failed
make: *** [cmTC_1384c/fast] Error 2

File /home/anupama/RoboticsAssignment5/RoboticsAssignment5_Thu_H/build/CMakeFiles/CMakeTmp/CheckSymbolExists.cxx:
/* */
#include <QtCore/qglobal.h>

int main(int argc, char** argv)
{
  (void)argv;
#ifndef Q_WS_QWS
  return ((int*)(&Q_WS_QWS))[argc];
#else
  (void)argc;
  return 0;
#endif
}

Determining if the Q_WS_MAC exist failed with the following output:
Change Dir: /home/anupama/RoboticsAssignment5/RoboticsAssignment5_Thu_H/build/CMakeFiles/CMakeTmp

Run Build Command:"/usr/bin/make" "cmTC_a72ce/fast"
/usr/bin/make -f CMakeFiles/cmTC_a72ce.dir/build.make CMakeFiles/cmTC_a72ce.dir/build
make[1]: Entering directory '/home/anupama/RoboticsAssignment5/RoboticsAssignment5_Thu_H/build/CMakeFiles/CMakeTmp'
Building CXX object CMakeFiles/cmTC_a72ce.dir/CheckSymbolExists.cxx.o
/usr/bin/c++   -I/usr/include/qt4   -o CMakeFiles/cmTC_a72ce.dir/CheckSymbolExists.cxx.o -c /home/anupama/RoboticsAssignment5/RoboticsAssignment5_Thu_H/build/CMakeFiles/CMakeTmp/CheckSymbolExists.cxx
/home/anupama/RoboticsAssignment5/RoboticsAssignment5_Thu_H/build/CMakeFiles/CMakeTmp/CheckSymbolExists.cxx: In function ‘int main(int, char**)’:
/home/anupama/RoboticsAssignment5/RoboticsAssignment5_Thu_H/build/CMakeFiles/CMakeTmp/CheckSymbolExists.cxx:8:19: error: ‘Q_WS_MAC’ was not declared in this scope
   return ((int*)(&Q_WS_MAC))[argc];
                   ^~~~~~~~
/home/anupama/RoboticsAssignment5/RoboticsAssignment5_Thu_H/build/CMakeFiles/CMakeTmp/CheckSymbolExists.cxx:8:19: note: suggested alternative: ‘Q_WS_X11’
   return ((int*)(&Q_WS_MAC))[argc];
                   ^~~~~~~~
                   Q_WS_X11
CMakeFiles/cmTC_a72ce.dir/build.make:65: recipe for target 'CMakeFiles/cmTC_a72ce.dir/CheckSymbolExists.cxx.o' failed
make[1]: *** [CMakeFiles/cmTC_a72ce.dir/CheckSymbolExists.cxx.o] Error 1
make[1]: Leaving directory '/home/anupama/RoboticsAssignment5/RoboticsAssignment5_Thu_H/build/CMakeFiles/CMakeTmp'
Makefile:126: recipe for target 'cmTC_a72ce/fast' failed
make: *** [cmTC_a72ce/fast] Error 2

File /home/anupama/RoboticsAssignment5/RoboticsAssignment5_Thu_H/build/CMakeFiles/CMakeTmp/CheckSymbolExists.cxx:
/* */
#include <QtCore/qglobal.h>

int main(int argc, char** argv)
{
  (void)argv;
#ifndef Q_WS_MAC
  return ((int*)(&Q_WS_MAC))[argc];
#else
  (void)argc;
  return 0;
#endif
}

